<?xml version="1.0" encoding="UTF-8"?>
<testng-results ignored="0" total="2" passed="2" failed="0" skipped="0">
  <reporter-output>
  </reporter-output>
  <suite started-at="2023-06-25T11:53:51 IST" name="Default suite" finished-at="2023-06-25T11:53:51 IST" duration-ms="40">
    <groups>
    </groups>
    <test started-at="2023-06-25T11:53:51 IST" name="Default test" finished-at="2023-06-25T11:53:51 IST" duration-ms="40">
      <class name="testcase.Auto">
        <test-method signature="test1()[pri:0, instance:testcase.Auto@6b26e945]" started-at="2023-06-25T11:53:51 IST" name="test1" finished-at="2023-06-25T11:53:51 IST" duration-ms="7" status="PASS">
          <reporter-output>
          </reporter-output>
        </test-method> <!-- test1 -->
        <test-method signature="test2()[pri:0, instance:testcase.Auto@6b26e945]" started-at="2023-06-25T11:53:51 IST" name="test2" finished-at="2023-06-25T11:53:51 IST" duration-ms="1" status="PASS">
          <reporter-output>
          </reporter-output>
        </test-method> <!-- test2 -->
      </class> <!-- testcase.Auto -->
    </test> <!-- Default test -->
  </suite> <!-- Default suite -->
</testng-results>
