<?xml version="1.0" encoding="UTF-8"?>
<testng-results ignored="0" total="1" passed="1" failed="0" skipped="0">
  <reporter-output>
  </reporter-output>
  <suite started-at="2023-06-24T13:05:04 IST" name="Default suite" finished-at="2023-06-24T13:05:04 IST" duration-ms="109">
    <groups>
    </groups>
    <test started-at="2023-06-24T13:05:04 IST" name="Default test" finished-at="2023-06-24T13:05:04 IST" duration-ms="109">
      <class name="testcase.Auto">
        <test-method signature="test1()[pri:0, instance:testcase.Auto@4df50bcc]" started-at="2023-06-24T13:05:04 IST" name="test1" finished-at="2023-06-24T13:05:04 IST" duration-ms="11" status="PASS">
          <reporter-output>
          </reporter-output>
        </test-method> <!-- test1 -->
      </class> <!-- testcase.Auto -->
    </test> <!-- Default test -->
  </suite> <!-- Default suite -->
</testng-results>
